     5   500   300
 ratio of QTL:         240	          30           30
   318    0.045983167855    0.213926768169
   696   -0.094416214376   -0.133564640337
  2075   -0.049126620536    0.106585669473
  1131   -0.056884990498   -0.098336880588
   541   -0.147515487866   -0.199982108237
   264   -0.128593980023   -0.100642771571
  1950    0.074820989900    0.105316089526
  2064    0.123062806059    0.166229122505
   620    0.129365300152    0.097092567999
   909    0.136719436699    0.210035849071
  2352    0.166728775537    0.132076737203
   996    0.035628945572    0.063553122568
  2016    0.219504026721    0.347193700844
  1575   -0.042974405250   -0.064097329888
  2041   -0.083953873718   -0.229476369028
  2402   -0.149652045912   -0.162105436285
  1516   -0.064742857794   -0.107919618301
  1974    0.086412109319    0.127858523878
   939    0.078347100848    0.050630707667
   633   -0.076052482512    0.016530030572
  1202    0.015462547610   -0.038170057232
   680   -0.039916067902   -0.207929181490
   587   -0.027024927721   -0.007444098476
  1732    0.008640899372    0.017289000910
  1443   -0.176297439554   -0.159953404332
  1761    0.035278347270   -0.019726967512
  1700   -0.078707986424   -0.097091697806
   689    0.030991531990   -0.173773937890
  2467    0.129147530296    0.081526312788
  1231    0.049335178868    0.044959646651
  2329   -0.102638467198   -0.182250418829
  1556    0.023651384504   -0.021059077501
  2387    0.072060238431    0.121699729167
  1997   -0.279259628448   -0.539245161517
   809    0.179788181688    0.207739682655
  2244    0.033658012430    0.021325793268
  2248   -0.087619441545   -0.151603996990
  2273   -0.184760806678   -0.153336697507
  2088    0.192760874984    0.194558848992
    87    0.034415667726    0.214294764566
  2255   -0.053568146461   -0.177429599970
  2182   -0.069775226705   -0.163576176925
   857   -0.018008681326    0.157278532427
  1364   -0.061929907693   -0.215431732169
  1213   -0.036033696464   -0.113170020360
   648    0.105502834346    0.115396025077
    38   -0.020855438146    0.064300739108
  1990    0.098296442901    0.198132369927
  1484    0.082795420540    0.032294910531
  1056   -0.002923031828    0.129004371262
   711    0.118565495665    0.066271084909
   872    0.169334060544    0.094634552022
   812   -0.238201640870   -0.162589555820
   284    0.125010315306   -0.032908533216
  1552    0.033368523674    0.136758248947
  2200    0.001140302693   -0.037943924538
    98   -0.017406498934    0.003951014823
  2133    0.132000637485   -0.027366400515
   797   -0.095864471951    0.011304633067
  1221   -0.096791670806   -0.174013526817
  1267    0.023933716616   -0.034118438244
  2327    0.143999803761    0.234733732632
  2157   -0.052153024603   -0.049733268649
  1593    0.179585433701    0.301852068013
   546   -0.001093611919   -0.089141493129
  1669    0.023469610447   -0.100805345234
   402   -0.014923337467    0.048352237294
  2448   -0.002165358549   -0.036531470956
   477   -0.039198393623   -0.048735109547
  1331    0.085074630510   -0.030495103519
  1715   -0.003770469683   -0.134412449766
   243   -0.030918666480   -0.155512091286
   141   -0.048133433678    0.018521624646
  1259   -0.029392319237   -0.142398065585
   479   -0.133813671377   -0.140687189766
  1541   -0.106060438548   -0.187786472882
  1501   -0.070747242089   -0.090155420511
   277   -0.125031598434   -0.177286799380
  2333    0.042765516248    0.129274232745
  1375   -0.036424449707    0.023283548265
   632   -0.117668168770   -0.198755339249
   504   -0.098493711212   -0.113125151426
   813    0.085068996235    0.094227511268
   365   -0.040033318353   -0.001830225659
   695   -0.072067848137   -0.132223984035
  2231    0.023693721008   -0.095907911275
  2042    0.042366779685    0.010408974134
  2494   -0.045141711317   -0.137749290887
  1531   -0.041819202945    0.036139356872
  2319    0.039629273892    0.031564196061
  1037   -0.228903920173   -0.243704902458
   114   -0.014098444493    0.012259453220
  2446   -0.073101213554   -0.097722924434
   624    0.081609835239    0.150538855251
   855    0.160607050608    0.263196490680
  1194    0.113284093547    0.018263685443
   699    0.110782097844    0.042981141996
   495    0.028722048873    0.126946104201
  1771   -0.043203520954   -0.116831843661
   747    0.067477327435   -0.002877533799
   712    0.076746468791    0.049038845043
  1384    0.029652251673    0.080512448923
  1631    0.107009942603    0.177565083317
  2345   -0.026649956459   -0.061884498751
  2256    0.040456503028   -0.049843205159
  1778   -0.015790939485    0.116074254835
  1220   -0.008837784944   -0.063085066670
   677   -0.175688783329   -0.087815236299
   454    0.118855145462    0.184679413549
   358   -0.123830570411   -0.069331071242
  2405   -0.028705105253   -0.082159013027
  1135    0.084243480571    0.103943490151
   120   -0.057434869046   -0.075549515466
    80   -0.111940559611   -0.022630474709
  1769   -0.199176801792   -0.118356218684
   200    0.029649286378    0.077323616847
  2321    0.127488932207   -0.092695996851
   359   -0.041925987903    0.025620054799
  2166   -0.093443383052   -0.184509249515
  1654    0.000341847757    0.097852551445
   419   -0.002044744363   -0.175688794590
  2012   -0.077840308180   -0.081417182953
  1395   -0.057964173044   -0.020289139237
  1509    0.005020422381    0.227178424115
  2034    0.086442324833    0.121901499630
   373    0.007421384424   -0.065238851713
   983   -0.029852345711    0.017778409885
  1105   -0.094797713151   -0.106350260013
  2029    0.051456569035   -0.077900307141
   576    0.181402143614    0.197931564934
  1600    0.026555041268    0.176093745610
  1234   -0.017383680552    0.103737972141
  2437    0.061978224172   -0.010627941232
    34    0.039708265387    0.216398446813
  1310   -0.182178179012   -0.159452859109
  1430   -0.060960627852   -0.133112635373
   742    0.052843661237    0.063713892327
  1414    0.018359244199    0.110610738044
   274   -0.221618150735   -0.359432655300
  2249   -0.131243111021   -0.185214677571
  1212   -0.047106497002    0.029705266734
  1939    0.044247609529   -0.023855085682
  1767    0.116957391323    0.250431990417
  2077   -0.105344190015   -0.135997001498
     8   -0.004658236133    0.091834137298
  2228   -0.004482143857   -0.116728220815
  2009   -0.096181709079   -0.154780265256
  1828   -0.017806719217    0.031033978524
  2459    0.123863311042    0.170427289630
   113    0.107998594557    0.079974066180
  1809    0.015126628697    0.026437753642
  1081    0.003282624517   -0.039026285938
  1512   -0.032054105881    0.103607690898
  2276   -0.011548174181   -0.117260143804
  1215    0.221313470481    0.411356022086
   594   -0.045415952748   -0.047226156632
   961    0.110092500459    0.224469265333
  2344    0.060293116650    0.093023653130
  1803   -0.120257615969   -0.207836775877
   885    0.093029452844    0.111569906780
   169    0.076738678720    0.025267699647
   596    0.088090341480    0.056643630705
  1690   -0.082621874585    0.057534422591
   467   -0.001482408384    0.166104043365
   463   -0.002170447701    0.122971011390
  2050    0.171440574852    0.165688141886
  1048   -0.095912766958   -0.142740604071
  1096    0.094967978173    0.169336766201
  1246    0.119317173133    0.087523715265
  1222   -0.008765750940    0.049706591197
   618   -0.071215307710   -0.003894700785
  1148   -0.062501868130   -0.155574033789
   635   -0.097495860618   -0.161607876396
  2280   -0.133285449571    0.004679630428
  2422   -0.088485986063   -0.100333478272
  1547   -0.036603234850   -0.046529478146
  1465    0.126505227420    0.195396965613
  1386    0.007732327011    0.065112178278
  2372    0.062438615671   -0.011961566120
  1996   -0.043381979722    0.000346155052
    11    0.055781561677   -0.021635097683
   884    0.009824019678   -0.120043173721
  1383   -0.075048980466   -0.094631935091
   287    0.127672544274    0.067685910880
  1589   -0.009547435643   -0.024414005299
   143   -0.076156020892   -0.028458826300
  1370    0.010943523573    0.116235208796
  1323    0.039327234704    0.018702292927
   911   -0.003764935254   -0.014721748705
  2489    0.010338830021   -0.103363509638
  2013   -0.083418600481   -0.088027614225
   631   -0.005229843891    0.007783238762
  1329    0.185192739079    0.175706338191
   154    0.094062947095    0.142342894074
   973    0.044393989006    0.095185657369
  2159    0.019075366047   -0.062538953817
  1449    0.168575099745    0.180630945041
  1544    0.094506276877    0.299726637291
  2068   -0.054988614867   -0.086993634291
   658    0.132768711035    0.246840112854
  2378   -0.092982214264   -0.028595649871
   107   -0.069798644157   -0.046231703790
  1554    0.076468963603    0.085458480308
   350    0.055071449865   -0.059776910162
  1165   -0.056642549220   -0.052522942523
   139    0.103732435420    0.153970007517
  1941    0.008645488493    0.034002600936
    61   -0.025294941401   -0.134646690499
   246    0.137140744714    0.300079236987
  1836    0.060536687359    0.066297794120
  2125    0.039677792209    0.208713117476
  2101   -0.109169312588   -0.128626110398
  2193   -0.020414880409   -0.037276467390
   533    0.033014019600    0.012932908032
  1527    0.030127284984   -0.023822354988
   465    0.168647915869    0.202296428024
    72    0.146585643650    0.073455748339
   543   -0.036561115214   -0.002294378590
  2252    0.035356501354    0.174792571937
  2112   -0.252960364768   -0.287894958604
  1530   -0.025373932896   -0.002896135367
  2198   -0.143751620848   -0.258723494984
  1850    0.020881711385   -0.020727233816
  1226   -0.004134096707    0.202185792819
  1981    0.071542623834    0.055080300251
   276    0.014362994500    0.093312887525
  1674    0.136623825812    0.110493496994
  1630   -0.021321382325    0.141626312302
  1178    0.011288495116   -0.007332251670
  1188   -0.021162241989   -0.102623096009
   448   -0.036775406592   -0.132151129184
   525    0.199221875986    0.280147343769
   203   -0.004415913489    0.045826460588
  1322    0.083397051100    0.206707722585
   940    0.186978907102    0.136607724599
  1647   -0.006036901080    0.024557144121
  1797    0.041051868034    0.036437007368
   762   -0.079443697253   -0.040223617628
   142   -0.077470876715   -0.004602536164
   265    0.106753084969    0.022214466837
  2000   -0.054052770063    0.000000000000
   552   -0.039515960374    0.000000000000
   429    0.002236016013    0.000000000000
  1127    0.017761047586    0.000000000000
   964   -0.102074295534    0.000000000000
   901    0.057703256403    0.000000000000
  2315   -0.149207950919    0.000000000000
   723    0.075952821509    0.000000000000
  1289   -0.109407719158    0.000000000000
  2392   -0.055713356696    0.000000000000
   914   -0.169799405505    0.000000000000
   509   -0.189493343780    0.000000000000
  1668    0.072953747525    0.000000000000
  2362   -0.025870430068    0.000000000000
   881   -0.201802705057    0.000000000000
  1626    0.021594528308    0.000000000000
  1302   -0.020050225155    0.000000000000
  2189    0.132690787554    0.000000000000
  2149   -0.000406632590    0.000000000000
  1200   -0.082098657456    0.000000000000
  1744    0.212270789725    0.000000000000
  1238   -0.087957828550    0.000000000000
  1989    0.187129089310    0.000000000000
  1522   -0.046031820580    0.000000000000
   806    0.006277615725    0.000000000000
   557   -0.150996437688    0.000000000000
    82   -0.102020192073    0.000000000000
  2212    0.039340029499    0.000000000000
  2155   -0.065691376440    0.000000000000
  1829    0.008379896310    0.000000000000
  1818    0.000000000000    0.158254583645
  1887    0.000000000000   -0.095021340955
   312    0.000000000000    0.122894632628
   157    0.000000000000    0.011596187602
  1198    0.000000000000   -0.138930897902
  1935    0.000000000000   -0.015265819066
  1868    0.000000000000   -0.036440750319
  2314    0.000000000000   -0.025202184797
   178    0.000000000000    0.030172674951
  1009    0.000000000000   -0.083252050947
   295    0.000000000000   -0.079976832358
  1906    0.000000000000   -0.040233476736
  1985    0.000000000000   -0.138806587671
  2419    0.000000000000    0.257753605298
   867    0.000000000000   -0.017089386318
  1090    0.000000000000   -0.232396806072
  1505    0.000000000000   -0.064589738187
   176    0.000000000000   -0.232898548023
   784    0.000000000000   -0.120442521260
  2239    0.000000000000    0.107550216393
  1399    0.000000000000   -0.127244099476
  1394    0.000000000000   -0.085121630989
  1489    0.000000000000   -0.142025445196
   600    0.000000000000   -0.003480005935
   174    0.000000000000   -0.104593523333
    45    0.000000000000   -0.253423501057
   512    0.000000000000    0.171875138598
   253    0.000000000000    0.135526147888
  2480    0.000000000000    0.000941506783
  1885    0.000000000000   -0.143042366716
