chr1-0001     1
chr1-0002     2
chr1-0003     3
chr1-0004     4
chr1-0005     5
chr1-0006     6
chr1-0007     7
chr1-0008     8
chr1-0009     9
chr1-0010    10
chr1-0011    11
chr1-0012    12
chr1-0013    13
chr1-0014    14
chr1-0015    15
chr1-0016    16
chr1-0017    17
chr1-0018    18
chr1-0019    19
chr1-0020    20
chr1-0021    21
chr1-0022    22
chr1-0023    23
chr1-0024    24
chr1-0025    25
chr1-0026    26
chr1-0027    27
chr1-0028    28
chr1-0029    29
chr1-0030    30
chr1-0031    31
chr1-0032    32
chr1-0033    33
chr1-0034    34
chr1-0035    35
chr1-0036    36
chr1-0037    37
chr1-0038    38
chr1-0039    39
chr1-0040    40
chr1-0041    41
chr1-0042    42
chr1-0043    43
chr1-0044    44
chr1-0045    45
chr1-0046    46
chr1-0047    47
chr1-0048    48
chr1-0049    49
chr1-0050    50
chr1-0051    51
chr1-0052    52
chr1-0053    53
chr1-0054    54
chr1-0055    55
chr1-0056    56
chr1-0057    57
chr1-0058    58
chr1-0059    59
chr1-0060    60
chr1-0061    61
chr1-0062    62
chr1-0063    63
chr1-0064    64
chr1-0065    65
chr1-0066    66
chr1-0067    67
chr1-0068    68
chr1-0069    69
chr1-0070    70
chr1-0071    71
chr1-0072    72
chr1-0073    73
chr1-0074    74
chr1-0075    75
chr1-0076    76
chr1-0077    77
chr1-0078    78
chr1-0079    79
chr1-0080    80
chr1-0081    81
chr1-0082    82
chr1-0083    83
chr1-0084    84
chr1-0085    85
chr1-0086    86
chr1-0087    87
chr1-0088    88
chr1-0089    89
chr1-0090    90
chr1-0091    91
chr1-0092    92
chr1-0093    93
chr1-0094    94
chr1-0095    95
chr1-0096    96
chr1-0097    97
chr1-0098    98
chr1-0099    99
chr1-0100   100
chr1-0101   101
chr1-0102   102
chr1-0103   103
chr1-0104   104
chr1-0105   105
chr1-0106   106
chr1-0107   107
chr1-0108   108
chr1-0109   109
chr1-0110   110
chr1-0111   111
chr1-0112   112
chr1-0113   113
chr1-0114   114
chr1-0115   115
chr1-0116   116
chr1-0117   117
chr1-0118   118
chr1-0119   119
chr1-0120   120
chr1-0121   121
chr1-0122   122
chr1-0123   123
chr1-0124   124
chr1-0125   125
chr1-0126   126
chr1-0127   127
chr1-0128   128
chr1-0129   129
chr1-0130   130
chr1-0131   131
chr1-0132   132
chr1-0133   133
chr1-0134   134
chr1-0135   135
chr1-0136   136
chr1-0137   137
chr1-0138   138
chr1-0139   139
chr1-0140   140
chr1-0141   141
chr1-0142   142
chr1-0143   143
chr1-0144   144
chr1-0145   145
chr1-0146   146
chr1-0147   147
chr1-0148   148
chr1-0149   149
chr1-0150   150
chr1-0151   151
chr1-0152   152
chr1-0153   153
chr1-0154   154
chr1-0155   155
chr1-0156   156
chr1-0157   157
chr1-0158   158
chr1-0159   159
chr1-0160   160
chr1-0161   161
chr1-0162   162
chr1-0163   163
chr1-0164   164
chr1-0165   165
chr1-0166   166
chr1-0167   167
chr1-0168   168
chr1-0169   169
chr1-0170   170
chr1-0171   171
chr1-0172   172
chr1-0173   173
chr1-0174   174
chr1-0175   175
chr1-0176   176
chr1-0177   177
chr1-0178   178
chr1-0179   179
chr1-0180   180
chr1-0181   181
chr1-0182   182
chr1-0183   183
chr1-0184   184
chr1-0185   185
chr1-0186   186
chr1-0187   187
chr1-0188   188
chr1-0189   189
chr1-0190   190
chr1-0191   191
chr1-0192   192
chr1-0193   193
chr1-0194   194
chr1-0195   195
chr1-0196   196
chr1-0197   197
chr1-0198   198
chr1-0199   199
chr1-0200   200
chr1-0201   201
chr1-0202   202
chr1-0203   203
chr1-0204   204
chr1-0205   205
chr1-0206   206
chr1-0207   207
chr1-0208   208
chr1-0209   209
chr1-0210   210
chr1-0211   211
chr1-0212   212
chr1-0213   213
chr1-0214   214
chr1-0215   215
chr1-0216   216
chr1-0217   217
chr1-0218   218
chr1-0219   219
chr1-0220   220
chr1-0221   221
chr1-0222   222
chr1-0223   223
chr1-0224   224
chr1-0225   225
chr1-0226   226
chr1-0227   227
chr1-0228   228
chr1-0229   229
chr1-0230   230
chr1-0231   231
chr1-0232   232
chr1-0233   233
chr1-0234   234
chr1-0235   235
chr1-0236   236
chr1-0237   237
chr1-0238   238
chr1-0239   239
chr1-0240   240
chr1-0241   241
chr1-0242   242
chr1-0243   243
chr1-0244   244
chr1-0245   245
chr1-0246   246
chr1-0247   247
chr1-0248   248
chr1-0249   249
chr1-0250   250
chr1-0251   251
chr1-0252   252
chr1-0253   253
chr1-0254   254
chr1-0255   255
chr1-0256   256
chr1-0257   257
chr1-0258   258
chr1-0259   259
chr1-0260   260
chr1-0261   261
chr1-0262   262
chr1-0263   263
chr1-0264   264
chr1-0265   265
chr1-0266   266
chr1-0267   267
chr1-0268   268
chr1-0269   269
chr1-0270   270
chr1-0271   271
chr1-0272   272
chr1-0273   273
chr1-0274   274
chr1-0275   275
chr1-0276   276
chr1-0277   277
chr1-0278   278
chr1-0279   279
chr1-0280   280
chr1-0281   281
chr1-0282   282
chr1-0283   283
chr1-0284   284
chr1-0285   285
chr1-0286   286
chr1-0287   287
chr1-0288   288
chr1-0289   289
chr1-0290   290
chr1-0291   291
chr1-0292   292
chr1-0293   293
chr1-0294   294
chr1-0295   295
chr1-0296   296
chr1-0297   297
chr1-0298   298
chr1-0299   299
chr1-0300   300
chr1-0301   301
chr1-0302   302
chr1-0303   303
chr1-0304   304
chr1-0305   305
chr1-0306   306
chr1-0307   307
chr1-0308   308
chr1-0309   309
chr1-0310   310
chr1-0311   311
chr1-0312   312
chr1-0313   313
chr1-0314   314
chr1-0315   315
chr1-0316   316
chr1-0317   317
chr1-0318   318
chr1-0319   319
chr1-0320   320
chr1-0321   321
chr1-0322   322
chr1-0323   323
chr1-0324   324
chr1-0325   325
chr1-0326   326
chr1-0327   327
chr1-0328   328
chr1-0329   329
chr1-0330   330
chr1-0331   331
chr1-0332   332
chr1-0333   333
chr1-0334   334
chr1-0335   335
chr1-0336   336
chr1-0337   337
chr1-0338   338
chr1-0339   339
chr1-0340   340
chr1-0341   341
chr1-0342   342
chr1-0343   343
chr1-0344   344
chr1-0345   345
chr1-0346   346
chr1-0347   347
chr1-0348   348
chr1-0349   349
chr1-0350   350
chr1-0351   351
chr1-0352   352
chr1-0353   353
chr1-0354   354
chr1-0355   355
chr1-0356   356
chr1-0357   357
chr1-0358   358
chr1-0359   359
chr1-0360   360
chr1-0361   361
chr1-0362   362
chr1-0363   363
chr1-0364   364
chr1-0365   365
chr1-0366   366
chr1-0367   367
chr1-0368   368
chr1-0369   369
chr1-0370   370
chr1-0371   371
chr1-0372   372
chr1-0373   373
chr1-0374   374
chr1-0375   375
chr1-0376   376
chr1-0377   377
chr1-0378   378
chr1-0379   379
chr1-0380   380
chr1-0381   381
chr1-0382   382
chr1-0383   383
chr1-0384   384
chr1-0385   385
chr1-0386   386
chr1-0387   387
chr1-0388   388
chr1-0389   389
chr1-0390   390
chr1-0391   391
chr1-0392   392
chr1-0393   393
chr1-0394   394
chr1-0395   395
chr1-0396   396
chr1-0397   397
chr1-0398   398
chr1-0399   399
chr1-0400   400
chr1-0401   401
chr1-0402   402
chr1-0403   403
chr1-0404   404
chr1-0405   405
chr1-0406   406
chr1-0407   407
chr1-0408   408
chr1-0409   409
chr1-0410   410
chr1-0411   411
chr1-0412   412
chr1-0413   413
chr1-0414   414
chr1-0415   415
chr1-0416   416
chr1-0417   417
chr1-0418   418
chr1-0419   419
chr1-0420   420
chr1-0421   421
chr1-0422   422
chr1-0423   423
chr1-0424   424
chr1-0425   425
chr1-0426   426
chr1-0427   427
chr1-0428   428
chr1-0429   429
chr1-0430   430
chr1-0431   431
chr1-0432   432
chr1-0433   433
chr1-0434   434
chr1-0435   435
chr1-0436   436
chr1-0437   437
chr1-0438   438
chr1-0439   439
chr1-0440   440
chr1-0441   441
chr1-0442   442
chr1-0443   443
chr1-0444   444
chr1-0445   445
chr1-0446   446
chr1-0447   447
chr1-0448   448
chr1-0449   449
chr1-0450   450
chr1-0451   451
chr1-0452   452
chr1-0453   453
chr1-0454   454
chr1-0455   455
chr1-0456   456
chr1-0457   457
chr1-0458   458
chr1-0459   459
chr1-0460   460
chr1-0461   461
chr1-0462   462
chr1-0463   463
chr1-0464   464
chr1-0465   465
chr1-0466   466
chr1-0467   467
chr1-0468   468
chr1-0469   469
chr1-0470   470
chr1-0471   471
chr1-0472   472
chr1-0473   473
chr1-0474   474
chr1-0475   475
chr1-0476   476
chr1-0477   477
chr1-0478   478
chr1-0479   479
chr1-0480   480
chr1-0481   481
chr1-0482   482
chr1-0483   483
chr1-0484   484
chr1-0485   485
chr1-0486   486
chr1-0487   487
chr1-0488   488
chr1-0489   489
chr1-0490   490
chr1-0491   491
chr1-0492   492
chr1-0493   493
chr1-0494   494
chr1-0495   495
chr1-0496   496
chr1-0497   497
chr1-0498   498
chr1-0499   499
chr1-0500   500
chr2-0001   501
chr2-0002   502
chr2-0003   503
chr2-0004   504
chr2-0005   505
chr2-0006   506
chr2-0007   507
chr2-0008   508
chr2-0009   509
chr2-0010   510
chr2-0011   511
chr2-0012   512
chr2-0013   513
chr2-0014   514
chr2-0015   515
chr2-0016   516
chr2-0017   517
chr2-0018   518
chr2-0019   519
chr2-0020   520
chr2-0021   521
chr2-0022   522
chr2-0023   523
chr2-0024   524
chr2-0025   525
chr2-0026   526
chr2-0027   527
chr2-0028   528
chr2-0029   529
chr2-0030   530
chr2-0031   531
chr2-0032   532
chr2-0033   533
chr2-0034   534
chr2-0035   535
chr2-0036   536
chr2-0037   537
chr2-0038   538
chr2-0039   539
chr2-0040   540
chr2-0041   541
chr2-0042   542
chr2-0043   543
chr2-0044   544
chr2-0045   545
chr2-0046   546
chr2-0047   547
chr2-0048   548
chr2-0049   549
chr2-0050   550
chr2-0051   551
chr2-0052   552
chr2-0053   553
chr2-0054   554
chr2-0055   555
chr2-0056   556
chr2-0057   557
chr2-0058   558
chr2-0059   559
chr2-0060   560
chr2-0061   561
chr2-0062   562
chr2-0063   563
chr2-0064   564
chr2-0065   565
chr2-0066   566
chr2-0067   567
chr2-0068   568
chr2-0069   569
chr2-0070   570
chr2-0071   571
chr2-0072   572
chr2-0073   573
chr2-0074   574
chr2-0075   575
chr2-0076   576
chr2-0077   577
chr2-0078   578
chr2-0079   579
chr2-0080   580
chr2-0081   581
chr2-0082   582
chr2-0083   583
chr2-0084   584
chr2-0085   585
chr2-0086   586
chr2-0087   587
chr2-0088   588
chr2-0089   589
chr2-0090   590
chr2-0091   591
chr2-0092   592
chr2-0093   593
chr2-0094   594
chr2-0095   595
chr2-0096   596
chr2-0097   597
chr2-0098   598
chr2-0099   599
chr2-0100   600
chr2-0101   601
chr2-0102   602
chr2-0103   603
chr2-0104   604
chr2-0105   605
chr2-0106   606
chr2-0107   607
chr2-0108   608
chr2-0109   609
chr2-0110   610
chr2-0111   611
chr2-0112   612
chr2-0113   613
chr2-0114   614
chr2-0115   615
chr2-0116   616
chr2-0117   617
chr2-0118   618
chr2-0119   619
chr2-0120   620
chr2-0121   621
chr2-0122   622
chr2-0123   623
chr2-0124   624
chr2-0125   625
chr2-0126   626
chr2-0127   627
chr2-0128   628
chr2-0129   629
chr2-0130   630
chr2-0131   631
chr2-0132   632
chr2-0133   633
chr2-0134   634
chr2-0135   635
chr2-0136   636
chr2-0137   637
chr2-0138   638
chr2-0139   639
chr2-0140   640
chr2-0141   641
chr2-0142   642
chr2-0143   643
chr2-0144   644
chr2-0145   645
chr2-0146   646
chr2-0147   647
chr2-0148   648
chr2-0149   649
chr2-0150   650
chr2-0151   651
chr2-0152   652
chr2-0153   653
chr2-0154   654
chr2-0155   655
chr2-0156   656
chr2-0157   657
chr2-0158   658
chr2-0159   659
chr2-0160   660
chr2-0161   661
chr2-0162   662
chr2-0163   663
chr2-0164   664
chr2-0165   665
chr2-0166   666
chr2-0167   667
chr2-0168   668
chr2-0169   669
chr2-0170   670
chr2-0171   671
chr2-0172   672
chr2-0173   673
chr2-0174   674
chr2-0175   675
chr2-0176   676
chr2-0177   677
chr2-0178   678
chr2-0179   679
chr2-0180   680
chr2-0181   681
chr2-0182   682
chr2-0183   683
chr2-0184   684
chr2-0185   685
chr2-0186   686
chr2-0187   687
chr2-0188   688
chr2-0189   689
chr2-0190   690
chr2-0191   691
chr2-0192   692
chr2-0193   693
chr2-0194   694
chr2-0195   695
chr2-0196   696
chr2-0197   697
chr2-0198   698
chr2-0199   699
chr2-0200   700
chr2-0201   701
chr2-0202   702
chr2-0203   703
chr2-0204   704
chr2-0205   705
chr2-0206   706
chr2-0207   707
chr2-0208   708
chr2-0209   709
chr2-0210   710
chr2-0211   711
chr2-0212   712
chr2-0213   713
chr2-0214   714
chr2-0215   715
chr2-0216   716
chr2-0217   717
chr2-0218   718
chr2-0219   719
chr2-0220   720
chr2-0221   721
chr2-0222   722
chr2-0223   723
chr2-0224   724
chr2-0225   725
chr2-0226   726
chr2-0227   727
chr2-0228   728
chr2-0229   729
chr2-0230   730
chr2-0231   731
chr2-0232   732
chr2-0233   733
chr2-0234   734
chr2-0235   735
chr2-0236   736
chr2-0237   737
chr2-0238   738
chr2-0239   739
chr2-0240   740
chr2-0241   741
chr2-0242   742
chr2-0243   743
chr2-0244   744
chr2-0245   745
chr2-0246   746
chr2-0247   747
chr2-0248   748
chr2-0249   749
chr2-0250   750
chr2-0251   751
chr2-0252   752
chr2-0253   753
chr2-0254   754
chr2-0255   755
chr2-0256   756
chr2-0257   757
chr2-0258   758
chr2-0259   759
chr2-0260   760
chr2-0261   761
chr2-0262   762
chr2-0263   763
chr2-0264   764
chr2-0265   765
chr2-0266   766
chr2-0267   767
chr2-0268   768
chr2-0269   769
chr2-0270   770
chr2-0271   771
chr2-0272   772
chr2-0273   773
chr2-0274   774
chr2-0275   775
chr2-0276   776
chr2-0277   777
chr2-0278   778
chr2-0279   779
chr2-0280   780
chr2-0281   781
chr2-0282   782
chr2-0283   783
chr2-0284   784
chr2-0285   785
chr2-0286   786
chr2-0287   787
chr2-0288   788
chr2-0289   789
chr2-0290   790
chr2-0291   791
chr2-0292   792
chr2-0293   793
chr2-0294   794
chr2-0295   795
chr2-0296   796
chr2-0297   797
chr2-0298   798
chr2-0299   799
chr2-0300   800
chr2-0301   801
chr2-0302   802
chr2-0303   803
chr2-0304   804
chr2-0305   805
chr2-0306   806
chr2-0307   807
chr2-0308   808
chr2-0309   809
chr2-0310   810
chr2-0311   811
chr2-0312   812
chr2-0313   813
chr2-0314   814
chr2-0315   815
chr2-0316   816
chr2-0317   817
chr2-0318   818
chr2-0319   819
chr2-0320   820
chr2-0321   821
chr2-0322   822
chr2-0323   823
chr2-0324   824
chr2-0325   825
chr2-0326   826
chr2-0327   827
chr2-0328   828
chr2-0329   829
chr2-0330   830
chr2-0331   831
chr2-0332   832
chr2-0333   833
chr2-0334   834
chr2-0335   835
chr2-0336   836
chr2-0337   837
chr2-0338   838
chr2-0339   839
chr2-0340   840
chr2-0341   841
chr2-0342   842
chr2-0343   843
chr2-0344   844
chr2-0345   845
chr2-0346   846
chr2-0347   847
chr2-0348   848
chr2-0349   849
chr2-0350   850
chr2-0351   851
chr2-0352   852
chr2-0353   853
chr2-0354   854
chr2-0355   855
chr2-0356   856
chr2-0357   857
chr2-0358   858
chr2-0359   859
chr2-0360   860
chr2-0361   861
chr2-0362   862
chr2-0363   863
chr2-0364   864
chr2-0365   865
chr2-0366   866
chr2-0367   867
chr2-0368   868
chr2-0369   869
chr2-0370   870
chr2-0371   871
chr2-0372   872
chr2-0373   873
chr2-0374   874
chr2-0375   875
chr2-0376   876
chr2-0377   877
chr2-0378   878
chr2-0379   879
chr2-0380   880
chr2-0381   881
chr2-0382   882
chr2-0383   883
chr2-0384   884
chr2-0385   885
chr2-0386   886
chr2-0387   887
chr2-0388   888
chr2-0389   889
chr2-0390   890
chr2-0391   891
chr2-0392   892
chr2-0393   893
chr2-0394   894
chr2-0395   895
chr2-0396   896
chr2-0397   897
chr2-0398   898
chr2-0399   899
chr2-0400   900
chr2-0401   901
chr2-0402   902
chr2-0403   903
chr2-0404   904
chr2-0405   905
chr2-0406   906
chr2-0407   907
chr2-0408   908
chr2-0409   909
chr2-0410   910
chr2-0411   911
chr2-0412   912
chr2-0413   913
chr2-0414   914
chr2-0415   915
chr2-0416   916
chr2-0417   917
chr2-0418   918
chr2-0419   919
chr2-0420   920
chr2-0421   921
chr2-0422   922
chr2-0423   923
chr2-0424   924
chr2-0425   925
chr2-0426   926
chr2-0427   927
chr2-0428   928
chr2-0429   929
chr2-0430   930
chr2-0431   931
chr2-0432   932
chr2-0433   933
chr2-0434   934
chr2-0435   935
chr2-0436   936
chr2-0437   937
chr2-0438   938
chr2-0439   939
chr2-0440   940
chr2-0441   941
chr2-0442   942
chr2-0443   943
chr2-0444   944
chr2-0445   945
chr2-0446   946
chr2-0447   947
chr2-0448   948
chr2-0449   949
chr2-0450   950
chr2-0451   951
chr2-0452   952
chr2-0453   953
chr2-0454   954
chr2-0455   955
chr2-0456   956
chr2-0457   957
chr2-0458   958
chr2-0459   959
chr2-0460   960
chr2-0461   961
chr2-0462   962
chr2-0463   963
chr2-0464   964
chr2-0465   965
chr2-0466   966
chr2-0467   967
chr2-0468   968
chr2-0469   969
chr2-0470   970
chr2-0471   971
chr2-0472   972
chr2-0473   973
chr2-0474   974
chr2-0475   975
chr2-0476   976
chr2-0477   977
chr2-0478   978
chr2-0479   979
chr2-0480   980
chr2-0481   981
chr2-0482   982
chr2-0483   983
chr2-0484   984
chr2-0485   985
chr2-0486   986
chr2-0487   987
chr2-0488   988
chr2-0489   989
chr2-0490   990
chr2-0491   991
chr2-0492   992
chr2-0493   993
chr2-0494   994
chr2-0495   995
chr2-0496   996
chr2-0497   997
chr2-0498   998
chr2-0499   999
chr2-0500  1000
chr3-0001  1001
chr3-0002  1002
chr3-0003  1003
chr3-0004  1004
chr3-0005  1005
chr3-0006  1006
chr3-0007  1007
chr3-0008  1008
chr3-0009  1009
chr3-0010  1010
chr3-0011  1011
chr3-0012  1012
chr3-0013  1013
chr3-0014  1014
chr3-0015  1015
chr3-0016  1016
chr3-0017  1017
chr3-0018  1018
chr3-0019  1019
chr3-0020  1020
chr3-0021  1021
chr3-0022  1022
chr3-0023  1023
chr3-0024  1024
chr3-0025  1025
chr3-0026  1026
chr3-0027  1027
chr3-0028  1028
chr3-0029  1029
chr3-0030  1030
chr3-0031  1031
chr3-0032  1032
chr3-0033  1033
chr3-0034  1034
chr3-0035  1035
chr3-0036  1036
chr3-0037  1037
chr3-0038  1038
chr3-0039  1039
chr3-0040  1040
chr3-0041  1041
chr3-0042  1042
chr3-0043  1043
chr3-0044  1044
chr3-0045  1045
chr3-0046  1046
chr3-0047  1047
chr3-0048  1048
chr3-0049  1049
chr3-0050  1050
chr3-0051  1051
chr3-0052  1052
chr3-0053  1053
chr3-0054  1054
chr3-0055  1055
chr3-0056  1056
chr3-0057  1057
chr3-0058  1058
chr3-0059  1059
chr3-0060  1060
chr3-0061  1061
chr3-0062  1062
chr3-0063  1063
chr3-0064  1064
chr3-0065  1065
chr3-0066  1066
chr3-0067  1067
chr3-0068  1068
chr3-0069  1069
chr3-0070  1070
chr3-0071  1071
chr3-0072  1072
chr3-0073  1073
chr3-0074  1074
chr3-0075  1075
chr3-0076  1076
chr3-0077  1077
chr3-0078  1078
chr3-0079  1079
chr3-0080  1080
chr3-0081  1081
chr3-0082  1082
chr3-0083  1083
chr3-0084  1084
chr3-0085  1085
chr3-0086  1086
chr3-0087  1087
chr3-0088  1088
chr3-0089  1089
chr3-0090  1090
chr3-0091  1091
chr3-0092  1092
chr3-0093  1093
chr3-0094  1094
chr3-0095  1095
chr3-0096  1096
chr3-0097  1097
chr3-0098  1098
chr3-0099  1099
chr3-0100  1100
chr3-0101  1101
chr3-0102  1102
chr3-0103  1103
chr3-0104  1104
chr3-0105  1105
chr3-0106  1106
chr3-0107  1107
chr3-0108  1108
chr3-0109  1109
chr3-0110  1110
chr3-0111  1111
chr3-0112  1112
chr3-0113  1113
chr3-0114  1114
chr3-0115  1115
chr3-0116  1116
chr3-0117  1117
chr3-0118  1118
chr3-0119  1119
chr3-0120  1120
chr3-0121  1121
chr3-0122  1122
chr3-0123  1123
chr3-0124  1124
chr3-0125  1125
chr3-0126  1126
chr3-0127  1127
chr3-0128  1128
chr3-0129  1129
chr3-0130  1130
chr3-0131  1131
chr3-0132  1132
chr3-0133  1133
chr3-0134  1134
chr3-0135  1135
chr3-0136  1136
chr3-0137  1137
chr3-0138  1138
chr3-0139  1139
chr3-0140  1140
chr3-0141  1141
chr3-0142  1142
chr3-0143  1143
chr3-0144  1144
chr3-0145  1145
chr3-0146  1146
chr3-0147  1147
chr3-0148  1148
chr3-0149  1149
chr3-0150  1150
chr3-0151  1151
chr3-0152  1152
chr3-0153  1153
chr3-0154  1154
chr3-0155  1155
chr3-0156  1156
chr3-0157  1157
chr3-0158  1158
chr3-0159  1159
chr3-0160  1160
chr3-0161  1161
chr3-0162  1162
chr3-0163  1163
chr3-0164  1164
chr3-0165  1165
chr3-0166  1166
chr3-0167  1167
chr3-0168  1168
chr3-0169  1169
chr3-0170  1170
chr3-0171  1171
chr3-0172  1172
chr3-0173  1173
chr3-0174  1174
chr3-0175  1175
chr3-0176  1176
chr3-0177  1177
chr3-0178  1178
chr3-0179  1179
chr3-0180  1180
chr3-0181  1181
chr3-0182  1182
chr3-0183  1183
chr3-0184  1184
chr3-0185  1185
chr3-0186  1186
chr3-0187  1187
chr3-0188  1188
chr3-0189  1189
chr3-0190  1190
chr3-0191  1191
chr3-0192  1192
chr3-0193  1193
chr3-0194  1194
chr3-0195  1195
chr3-0196  1196
chr3-0197  1197
chr3-0198  1198
chr3-0199  1199
chr3-0200  1200
chr3-0201  1201
chr3-0202  1202
chr3-0203  1203
chr3-0204  1204
chr3-0205  1205
chr3-0206  1206
chr3-0207  1207
chr3-0208  1208
chr3-0209  1209
chr3-0210  1210
chr3-0211  1211
chr3-0212  1212
chr3-0213  1213
chr3-0214  1214
chr3-0215  1215
chr3-0216  1216
chr3-0217  1217
chr3-0218  1218
chr3-0219  1219
chr3-0220  1220
chr3-0221  1221
chr3-0222  1222
chr3-0223  1223
chr3-0224  1224
chr3-0225  1225
chr3-0226  1226
chr3-0227  1227
chr3-0228  1228
chr3-0229  1229
chr3-0230  1230
chr3-0231  1231
chr3-0232  1232
chr3-0233  1233
chr3-0234  1234
chr3-0235  1235
chr3-0236  1236
chr3-0237  1237
chr3-0238  1238
chr3-0239  1239
chr3-0240  1240
chr3-0241  1241
chr3-0242  1242
chr3-0243  1243
chr3-0244  1244
chr3-0245  1245
chr3-0246  1246
chr3-0247  1247
chr3-0248  1248
chr3-0249  1249
chr3-0250  1250
chr3-0251  1251
chr3-0252  1252
chr3-0253  1253
chr3-0254  1254
chr3-0255  1255
chr3-0256  1256
chr3-0257  1257
chr3-0258  1258
chr3-0259  1259
chr3-0260  1260
chr3-0261  1261
chr3-0262  1262
chr3-0263  1263
chr3-0264  1264
chr3-0265  1265
chr3-0266  1266
chr3-0267  1267
chr3-0268  1268
chr3-0269  1269
chr3-0270  1270
chr3-0271  1271
chr3-0272  1272
chr3-0273  1273
chr3-0274  1274
chr3-0275  1275
chr3-0276  1276
chr3-0277  1277
chr3-0278  1278
chr3-0279  1279
chr3-0280  1280
chr3-0281  1281
chr3-0282  1282
chr3-0283  1283
chr3-0284  1284
chr3-0285  1285
chr3-0286  1286
chr3-0287  1287
chr3-0288  1288
chr3-0289  1289
chr3-0290  1290
chr3-0291  1291
chr3-0292  1292
chr3-0293  1293
chr3-0294  1294
chr3-0295  1295
chr3-0296  1296
chr3-0297  1297
chr3-0298  1298
chr3-0299  1299
chr3-0300  1300
chr3-0301  1301
chr3-0302  1302
chr3-0303  1303
chr3-0304  1304
chr3-0305  1305
chr3-0306  1306
chr3-0307  1307
chr3-0308  1308
chr3-0309  1309
chr3-0310  1310
chr3-0311  1311
chr3-0312  1312
chr3-0313  1313
chr3-0314  1314
chr3-0315  1315
chr3-0316  1316
chr3-0317  1317
chr3-0318  1318
chr3-0319  1319
chr3-0320  1320
chr3-0321  1321
chr3-0322  1322
chr3-0323  1323
chr3-0324  1324
chr3-0325  1325
chr3-0326  1326
chr3-0327  1327
chr3-0328  1328
chr3-0329  1329
chr3-0330  1330
chr3-0331  1331
chr3-0332  1332
chr3-0333  1333
chr3-0334  1334
chr3-0335  1335
chr3-0336  1336
chr3-0337  1337
chr3-0338  1338
chr3-0339  1339
chr3-0340  1340
chr3-0341  1341
chr3-0342  1342
chr3-0343  1343
chr3-0344  1344
chr3-0345  1345
chr3-0346  1346
chr3-0347  1347
chr3-0348  1348
chr3-0349  1349
chr3-0350  1350
chr3-0351  1351
chr3-0352  1352
chr3-0353  1353
chr3-0354  1354
chr3-0355  1355
chr3-0356  1356
chr3-0357  1357
chr3-0358  1358
chr3-0359  1359
chr3-0360  1360
chr3-0361  1361
chr3-0362  1362
chr3-0363  1363
chr3-0364  1364
chr3-0365  1365
chr3-0366  1366
chr3-0367  1367
chr3-0368  1368
chr3-0369  1369
chr3-0370  1370
chr3-0371  1371
chr3-0372  1372
chr3-0373  1373
chr3-0374  1374
chr3-0375  1375
chr3-0376  1376
chr3-0377  1377
chr3-0378  1378
chr3-0379  1379
chr3-0380  1380
chr3-0381  1381
chr3-0382  1382
chr3-0383  1383
chr3-0384  1384
chr3-0385  1385
chr3-0386  1386
chr3-0387  1387
chr3-0388  1388
chr3-0389  1389
chr3-0390  1390
chr3-0391  1391
chr3-0392  1392
chr3-0393  1393
chr3-0394  1394
chr3-0395  1395
chr3-0396  1396
chr3-0397  1397
chr3-0398  1398
chr3-0399  1399
chr3-0400  1400
chr3-0401  1401
chr3-0402  1402
chr3-0403  1403
chr3-0404  1404
chr3-0405  1405
chr3-0406  1406
chr3-0407  1407
chr3-0408  1408
chr3-0409  1409
chr3-0410  1410
chr3-0411  1411
chr3-0412  1412
chr3-0413  1413
chr3-0414  1414
chr3-0415  1415
chr3-0416  1416
chr3-0417  1417
chr3-0418  1418
chr3-0419  1419
chr3-0420  1420
chr3-0421  1421
chr3-0422  1422
chr3-0423  1423
chr3-0424  1424
chr3-0425  1425
chr3-0426  1426
chr3-0427  1427
chr3-0428  1428
chr3-0429  1429
chr3-0430  1430
chr3-0431  1431
chr3-0432  1432
chr3-0433  1433
chr3-0434  1434
chr3-0435  1435
chr3-0436  1436
chr3-0437  1437
chr3-0438  1438
chr3-0439  1439
chr3-0440  1440
chr3-0441  1441
chr3-0442  1442
chr3-0443  1443
chr3-0444  1444
chr3-0445  1445
chr3-0446  1446
chr3-0447  1447
chr3-0448  1448
chr3-0449  1449
chr3-0450  1450
chr3-0451  1451
chr3-0452  1452
chr3-0453  1453
chr3-0454  1454
chr3-0455  1455
chr3-0456  1456
chr3-0457  1457
chr3-0458  1458
chr3-0459  1459
chr3-0460  1460
chr3-0461  1461
chr3-0462  1462
chr3-0463  1463
chr3-0464  1464
chr3-0465  1465
chr3-0466  1466
chr3-0467  1467
chr3-0468  1468
chr3-0469  1469
chr3-0470  1470
chr3-0471  1471
chr3-0472  1472
chr3-0473  1473
chr3-0474  1474
chr3-0475  1475
chr3-0476  1476
chr3-0477  1477
chr3-0478  1478
chr3-0479  1479
chr3-0480  1480
chr3-0481  1481
chr3-0482  1482
chr3-0483  1483
chr3-0484  1484
chr3-0485  1485
chr3-0486  1486
chr3-0487  1487
chr3-0488  1488
chr3-0489  1489
chr3-0490  1490
chr3-0491  1491
chr3-0492  1492
chr3-0493  1493
chr3-0494  1494
chr3-0495  1495
chr3-0496  1496
chr3-0497  1497
chr3-0498  1498
chr3-0499  1499
chr3-0500  1500
chr4-0001  1501
chr4-0002  1502
chr4-0003  1503
chr4-0004  1504
chr4-0005  1505
chr4-0006  1506
chr4-0007  1507
chr4-0008  1508
chr4-0009  1509
chr4-0010  1510
chr4-0011  1511
chr4-0012  1512
chr4-0013  1513
chr4-0014  1514
chr4-0015  1515
chr4-0016  1516
chr4-0017  1517
chr4-0018  1518
chr4-0019  1519
chr4-0020  1520
chr4-0021  1521
chr4-0022  1522
chr4-0023  1523
chr4-0024  1524
chr4-0025  1525
chr4-0026  1526
chr4-0027  1527
chr4-0028  1528
chr4-0029  1529
chr4-0030  1530
chr4-0031  1531
chr4-0032  1532
chr4-0033  1533
chr4-0034  1534
chr4-0035  1535
chr4-0036  1536
chr4-0037  1537
chr4-0038  1538
chr4-0039  1539
chr4-0040  1540
chr4-0041  1541
chr4-0042  1542
chr4-0043  1543
chr4-0044  1544
chr4-0045  1545
chr4-0046  1546
chr4-0047  1547
chr4-0048  1548
chr4-0049  1549
chr4-0050  1550
chr4-0051  1551
chr4-0052  1552
chr4-0053  1553
chr4-0054  1554
chr4-0055  1555
chr4-0056  1556
chr4-0057  1557
chr4-0058  1558
chr4-0059  1559
chr4-0060  1560
chr4-0061  1561
chr4-0062  1562
chr4-0063  1563
chr4-0064  1564
chr4-0065  1565
chr4-0066  1566
chr4-0067  1567
chr4-0068  1568
chr4-0069  1569
chr4-0070  1570
chr4-0071  1571
chr4-0072  1572
chr4-0073  1573
chr4-0074  1574
chr4-0075  1575
chr4-0076  1576
chr4-0077  1577
chr4-0078  1578
chr4-0079  1579
chr4-0080  1580
chr4-0081  1581
chr4-0082  1582
chr4-0083  1583
chr4-0084  1584
chr4-0085  1585
chr4-0086  1586
chr4-0087  1587
chr4-0088  1588
chr4-0089  1589
chr4-0090  1590
chr4-0091  1591
chr4-0092  1592
chr4-0093  1593
chr4-0094  1594
chr4-0095  1595
chr4-0096  1596
chr4-0097  1597
chr4-0098  1598
chr4-0099  1599
chr4-0100  1600
chr4-0101  1601
chr4-0102  1602
chr4-0103  1603
chr4-0104  1604
chr4-0105  1605
chr4-0106  1606
chr4-0107  1607
chr4-0108  1608
chr4-0109  1609
chr4-0110  1610
chr4-0111  1611
chr4-0112  1612
chr4-0113  1613
chr4-0114  1614
chr4-0115  1615
chr4-0116  1616
chr4-0117  1617
chr4-0118  1618
chr4-0119  1619
chr4-0120  1620
chr4-0121  1621
chr4-0122  1622
chr4-0123  1623
chr4-0124  1624
chr4-0125  1625
chr4-0126  1626
chr4-0127  1627
chr4-0128  1628
chr4-0129  1629
chr4-0130  1630
chr4-0131  1631
chr4-0132  1632
chr4-0133  1633
chr4-0134  1634
chr4-0135  1635
chr4-0136  1636
chr4-0137  1637
chr4-0138  1638
chr4-0139  1639
chr4-0140  1640
chr4-0141  1641
chr4-0142  1642
chr4-0143  1643
chr4-0144  1644
chr4-0145  1645
chr4-0146  1646
chr4-0147  1647
chr4-0148  1648
chr4-0149  1649
chr4-0150  1650
chr4-0151  1651
chr4-0152  1652
chr4-0153  1653
chr4-0154  1654
chr4-0155  1655
chr4-0156  1656
chr4-0157  1657
chr4-0158  1658
chr4-0159  1659
chr4-0160  1660
chr4-0161  1661
chr4-0162  1662
chr4-0163  1663
chr4-0164  1664
chr4-0165  1665
chr4-0166  1666
chr4-0167  1667
chr4-0168  1668
chr4-0169  1669
chr4-0170  1670
chr4-0171  1671
chr4-0172  1672
chr4-0173  1673
chr4-0174  1674
chr4-0175  1675
chr4-0176  1676
chr4-0177  1677
chr4-0178  1678
chr4-0179  1679
chr4-0180  1680
chr4-0181  1681
chr4-0182  1682
chr4-0183  1683
chr4-0184  1684
chr4-0185  1685
chr4-0186  1686
chr4-0187  1687
chr4-0188  1688
chr4-0189  1689
chr4-0190  1690
chr4-0191  1691
chr4-0192  1692
chr4-0193  1693
chr4-0194  1694
chr4-0195  1695
chr4-0196  1696
chr4-0197  1697
chr4-0198  1698
chr4-0199  1699
chr4-0200  1700
chr4-0201  1701
chr4-0202  1702
chr4-0203  1703
chr4-0204  1704
chr4-0205  1705
chr4-0206  1706
chr4-0207  1707
chr4-0208  1708
chr4-0209  1709
chr4-0210  1710
chr4-0211  1711
chr4-0212  1712
chr4-0213  1713
chr4-0214  1714
chr4-0215  1715
chr4-0216  1716
chr4-0217  1717
chr4-0218  1718
chr4-0219  1719
chr4-0220  1720
chr4-0221  1721
chr4-0222  1722
chr4-0223  1723
chr4-0224  1724
chr4-0225  1725
chr4-0226  1726
chr4-0227  1727
chr4-0228  1728
chr4-0229  1729
chr4-0230  1730
chr4-0231  1731
chr4-0232  1732
chr4-0233  1733
chr4-0234  1734
chr4-0235  1735
chr4-0236  1736
chr4-0237  1737
chr4-0238  1738
chr4-0239  1739
chr4-0240  1740
chr4-0241  1741
chr4-0242  1742
chr4-0243  1743
chr4-0244  1744
chr4-0245  1745
chr4-0246  1746
chr4-0247  1747
chr4-0248  1748
chr4-0249  1749
chr4-0250  1750
chr4-0251  1751
chr4-0252  1752
chr4-0253  1753
chr4-0254  1754
chr4-0255  1755
chr4-0256  1756
chr4-0257  1757
chr4-0258  1758
chr4-0259  1759
chr4-0260  1760
chr4-0261  1761
chr4-0262  1762
chr4-0263  1763
chr4-0264  1764
chr4-0265  1765
chr4-0266  1766
chr4-0267  1767
chr4-0268  1768
chr4-0269  1769
chr4-0270  1770
chr4-0271  1771
chr4-0272  1772
chr4-0273  1773
chr4-0274  1774
chr4-0275  1775
chr4-0276  1776
chr4-0277  1777
chr4-0278  1778
chr4-0279  1779
chr4-0280  1780
chr4-0281  1781
chr4-0282  1782
chr4-0283  1783
chr4-0284  1784
chr4-0285  1785
chr4-0286  1786
chr4-0287  1787
chr4-0288  1788
chr4-0289  1789
chr4-0290  1790
chr4-0291  1791
chr4-0292  1792
chr4-0293  1793
chr4-0294  1794
chr4-0295  1795
chr4-0296  1796
chr4-0297  1797
chr4-0298  1798
chr4-0299  1799
chr4-0300  1800
chr4-0301  1801
chr4-0302  1802
chr4-0303  1803
chr4-0304  1804
chr4-0305  1805
chr4-0306  1806
chr4-0307  1807
chr4-0308  1808
chr4-0309  1809
chr4-0310  1810
chr4-0311  1811
chr4-0312  1812
chr4-0313  1813
chr4-0314  1814
chr4-0315  1815
chr4-0316  1816
chr4-0317  1817
chr4-0318  1818
chr4-0319  1819
chr4-0320  1820
chr4-0321  1821
chr4-0322  1822
chr4-0323  1823
chr4-0324  1824
chr4-0325  1825
chr4-0326  1826
chr4-0327  1827
chr4-0328  1828
chr4-0329  1829
chr4-0330  1830
chr4-0331  1831
chr4-0332  1832
chr4-0333  1833
chr4-0334  1834
chr4-0335  1835
chr4-0336  1836
chr4-0337  1837
chr4-0338  1838
chr4-0339  1839
chr4-0340  1840
chr4-0341  1841
chr4-0342  1842
chr4-0343  1843
chr4-0344  1844
chr4-0345  1845
chr4-0346  1846
chr4-0347  1847
chr4-0348  1848
chr4-0349  1849
chr4-0350  1850
chr4-0351  1851
chr4-0352  1852
chr4-0353  1853
chr4-0354  1854
chr4-0355  1855
chr4-0356  1856
chr4-0357  1857
chr4-0358  1858
chr4-0359  1859
chr4-0360  1860
chr4-0361  1861
chr4-0362  1862
chr4-0363  1863
chr4-0364  1864
chr4-0365  1865
chr4-0366  1866
chr4-0367  1867
chr4-0368  1868
chr4-0369  1869
chr4-0370  1870
chr4-0371  1871
chr4-0372  1872
chr4-0373  1873
chr4-0374  1874
chr4-0375  1875
chr4-0376  1876
chr4-0377  1877
chr4-0378  1878
chr4-0379  1879
chr4-0380  1880
chr4-0381  1881
chr4-0382  1882
chr4-0383  1883
chr4-0384  1884
chr4-0385  1885
chr4-0386  1886
chr4-0387  1887
chr4-0388  1888
chr4-0389  1889
chr4-0390  1890
chr4-0391  1891
chr4-0392  1892
chr4-0393  1893
chr4-0394  1894
chr4-0395  1895
chr4-0396  1896
chr4-0397  1897
chr4-0398  1898
chr4-0399  1899
chr4-0400  1900
chr4-0401  1901
chr4-0402  1902
chr4-0403  1903
chr4-0404  1904
chr4-0405  1905
chr4-0406  1906
chr4-0407  1907
chr4-0408  1908
chr4-0409  1909
chr4-0410  1910
chr4-0411  1911
chr4-0412  1912
chr4-0413  1913
chr4-0414  1914
chr4-0415  1915
chr4-0416  1916
chr4-0417  1917
chr4-0418  1918
chr4-0419  1919
chr4-0420  1920
chr4-0421  1921
chr4-0422  1922
chr4-0423  1923
chr4-0424  1924
chr4-0425  1925
chr4-0426  1926
chr4-0427  1927
chr4-0428  1928
chr4-0429  1929
chr4-0430  1930
chr4-0431  1931
chr4-0432  1932
chr4-0433  1933
chr4-0434  1934
chr4-0435  1935
chr4-0436  1936
chr4-0437  1937
chr4-0438  1938
chr4-0439  1939
chr4-0440  1940
chr4-0441  1941
chr4-0442  1942
chr4-0443  1943
chr4-0444  1944
chr4-0445  1945
chr4-0446  1946
chr4-0447  1947
chr4-0448  1948
chr4-0449  1949
chr4-0450  1950
chr4-0451  1951
chr4-0452  1952
chr4-0453  1953
chr4-0454  1954
chr4-0455  1955
chr4-0456  1956
chr4-0457  1957
chr4-0458  1958
chr4-0459  1959
chr4-0460  1960
chr4-0461  1961
chr4-0462  1962
chr4-0463  1963
chr4-0464  1964
chr4-0465  1965
chr4-0466  1966
chr4-0467  1967
chr4-0468  1968
chr4-0469  1969
chr4-0470  1970
chr4-0471  1971
chr4-0472  1972
chr4-0473  1973
chr4-0474  1974
chr4-0475  1975
chr4-0476  1976
chr4-0477  1977
chr4-0478  1978
chr4-0479  1979
chr4-0480  1980
chr4-0481  1981
chr4-0482  1982
chr4-0483  1983
chr4-0484  1984
chr4-0485  1985
chr4-0486  1986
chr4-0487  1987
chr4-0488  1988
chr4-0489  1989
chr4-0490  1990
chr4-0491  1991
chr4-0492  1992
chr4-0493  1993
chr4-0494  1994
chr4-0495  1995
chr4-0496  1996
chr4-0497  1997
chr4-0498  1998
chr4-0499  1999
chr4-0500  2000
chr5-0001  2001
chr5-0002  2002
chr5-0003  2003
chr5-0004  2004
chr5-0005  2005
chr5-0006  2006
chr5-0007  2007
chr5-0008  2008
chr5-0009  2009
chr5-0010  2010
chr5-0011  2011
chr5-0012  2012
chr5-0013  2013
chr5-0014  2014
chr5-0015  2015
chr5-0016  2016
chr5-0017  2017
chr5-0018  2018
chr5-0019  2019
chr5-0020  2020
chr5-0021  2021
chr5-0022  2022
chr5-0023  2023
chr5-0024  2024
chr5-0025  2025
chr5-0026  2026
chr5-0027  2027
chr5-0028  2028
chr5-0029  2029
chr5-0030  2030
chr5-0031  2031
chr5-0032  2032
chr5-0033  2033
chr5-0034  2034
chr5-0035  2035
chr5-0036  2036
chr5-0037  2037
chr5-0038  2038
chr5-0039  2039
chr5-0040  2040
chr5-0041  2041
chr5-0042  2042
chr5-0043  2043
chr5-0044  2044
chr5-0045  2045
chr5-0046  2046
chr5-0047  2047
chr5-0048  2048
chr5-0049  2049
chr5-0050  2050
chr5-0051  2051
chr5-0052  2052
chr5-0053  2053
chr5-0054  2054
chr5-0055  2055
chr5-0056  2056
chr5-0057  2057
chr5-0058  2058
chr5-0059  2059
chr5-0060  2060
chr5-0061  2061
chr5-0062  2062
chr5-0063  2063
chr5-0064  2064
chr5-0065  2065
chr5-0066  2066
chr5-0067  2067
chr5-0068  2068
chr5-0069  2069
chr5-0070  2070
chr5-0071  2071
chr5-0072  2072
chr5-0073  2073
chr5-0074  2074
chr5-0075  2075
chr5-0076  2076
chr5-0077  2077
chr5-0078  2078
chr5-0079  2079
chr5-0080  2080
chr5-0081  2081
chr5-0082  2082
chr5-0083  2083
chr5-0084  2084
chr5-0085  2085
chr5-0086  2086
chr5-0087  2087
chr5-0088  2088
chr5-0089  2089
chr5-0090  2090
chr5-0091  2091
chr5-0092  2092
chr5-0093  2093
chr5-0094  2094
chr5-0095  2095
chr5-0096  2096
chr5-0097  2097
chr5-0098  2098
chr5-0099  2099
chr5-0100  2100
chr5-0101  2101
chr5-0102  2102
chr5-0103  2103
chr5-0104  2104
chr5-0105  2105
chr5-0106  2106
chr5-0107  2107
chr5-0108  2108
chr5-0109  2109
chr5-0110  2110
chr5-0111  2111
chr5-0112  2112
chr5-0113  2113
chr5-0114  2114
chr5-0115  2115
chr5-0116  2116
chr5-0117  2117
chr5-0118  2118
chr5-0119  2119
chr5-0120  2120
chr5-0121  2121
chr5-0122  2122
chr5-0123  2123
chr5-0124  2124
chr5-0125  2125
chr5-0126  2126
chr5-0127  2127
chr5-0128  2128
chr5-0129  2129
chr5-0130  2130
chr5-0131  2131
chr5-0132  2132
chr5-0133  2133
chr5-0134  2134
chr5-0135  2135
chr5-0136  2136
chr5-0137  2137
chr5-0138  2138
chr5-0139  2139
chr5-0140  2140
chr5-0141  2141
chr5-0142  2142
chr5-0143  2143
chr5-0144  2144
chr5-0145  2145
chr5-0146  2146
chr5-0147  2147
chr5-0148  2148
chr5-0149  2149
chr5-0150  2150
chr5-0151  2151
chr5-0152  2152
chr5-0153  2153
chr5-0154  2154
chr5-0155  2155
chr5-0156  2156
chr5-0157  2157
chr5-0158  2158
chr5-0159  2159
chr5-0160  2160
chr5-0161  2161
chr5-0162  2162
chr5-0163  2163
chr5-0164  2164
chr5-0165  2165
chr5-0166  2166
chr5-0167  2167
chr5-0168  2168
chr5-0169  2169
chr5-0170  2170
chr5-0171  2171
chr5-0172  2172
chr5-0173  2173
chr5-0174  2174
chr5-0175  2175
chr5-0176  2176
chr5-0177  2177
chr5-0178  2178
chr5-0179  2179
chr5-0180  2180
chr5-0181  2181
chr5-0182  2182
chr5-0183  2183
chr5-0184  2184
chr5-0185  2185
chr5-0186  2186
chr5-0187  2187
chr5-0188  2188
chr5-0189  2189
chr5-0190  2190
chr5-0191  2191
chr5-0192  2192
chr5-0193  2193
chr5-0194  2194
chr5-0195  2195
chr5-0196  2196
chr5-0197  2197
chr5-0198  2198
chr5-0199  2199
chr5-0200  2200
chr5-0201  2201
chr5-0202  2202
chr5-0203  2203
chr5-0204  2204
chr5-0205  2205
chr5-0206  2206
chr5-0207  2207
chr5-0208  2208
chr5-0209  2209
chr5-0210  2210
chr5-0211  2211
chr5-0212  2212
chr5-0213  2213
chr5-0214  2214
chr5-0215  2215
chr5-0216  2216
chr5-0217  2217
chr5-0218  2218
chr5-0219  2219
chr5-0220  2220
chr5-0221  2221
chr5-0222  2222
chr5-0223  2223
chr5-0224  2224
chr5-0225  2225
chr5-0226  2226
chr5-0227  2227
chr5-0228  2228
chr5-0229  2229
chr5-0230  2230
chr5-0231  2231
chr5-0232  2232
chr5-0233  2233
chr5-0234  2234
chr5-0235  2235
chr5-0236  2236
chr5-0237  2237
chr5-0238  2238
chr5-0239  2239
chr5-0240  2240
chr5-0241  2241
chr5-0242  2242
chr5-0243  2243
chr5-0244  2244
chr5-0245  2245
chr5-0246  2246
chr5-0247  2247
chr5-0248  2248
chr5-0249  2249
chr5-0250  2250
chr5-0251  2251
chr5-0252  2252
chr5-0253  2253
chr5-0254  2254
chr5-0255  2255
chr5-0256  2256
chr5-0257  2257
chr5-0258  2258
chr5-0259  2259
chr5-0260  2260
chr5-0261  2261
chr5-0262  2262
chr5-0263  2263
chr5-0264  2264
chr5-0265  2265
chr5-0266  2266
chr5-0267  2267
chr5-0268  2268
chr5-0269  2269
chr5-0270  2270
chr5-0271  2271
chr5-0272  2272
chr5-0273  2273
chr5-0274  2274
chr5-0275  2275
chr5-0276  2276
chr5-0277  2277
chr5-0278  2278
chr5-0279  2279
chr5-0280  2280
chr5-0281  2281
chr5-0282  2282
chr5-0283  2283
chr5-0284  2284
chr5-0285  2285
chr5-0286  2286
chr5-0287  2287
chr5-0288  2288
chr5-0289  2289
chr5-0290  2290
chr5-0291  2291
chr5-0292  2292
chr5-0293  2293
chr5-0294  2294
chr5-0295  2295
chr5-0296  2296
chr5-0297  2297
chr5-0298  2298
chr5-0299  2299
chr5-0300  2300
chr5-0301  2301
chr5-0302  2302
chr5-0303  2303
chr5-0304  2304
chr5-0305  2305
chr5-0306  2306
chr5-0307  2307
chr5-0308  2308
chr5-0309  2309
chr5-0310  2310
chr5-0311  2311
chr5-0312  2312
chr5-0313  2313
chr5-0314  2314
chr5-0315  2315
chr5-0316  2316
chr5-0317  2317
chr5-0318  2318
chr5-0319  2319
chr5-0320  2320
chr5-0321  2321
chr5-0322  2322
chr5-0323  2323
chr5-0324  2324
chr5-0325  2325
chr5-0326  2326
chr5-0327  2327
chr5-0328  2328
chr5-0329  2329
chr5-0330  2330
chr5-0331  2331
chr5-0332  2332
chr5-0333  2333
chr5-0334  2334
chr5-0335  2335
chr5-0336  2336
chr5-0337  2337
chr5-0338  2338
chr5-0339  2339
chr5-0340  2340
chr5-0341  2341
chr5-0342  2342
chr5-0343  2343
chr5-0344  2344
chr5-0345  2345
chr5-0346  2346
chr5-0347  2347
chr5-0348  2348
chr5-0349  2349
chr5-0350  2350
chr5-0351  2351
chr5-0352  2352
chr5-0353  2353
chr5-0354  2354
chr5-0355  2355
chr5-0356  2356
chr5-0357  2357
chr5-0358  2358
chr5-0359  2359
chr5-0360  2360
chr5-0361  2361
chr5-0362  2362
chr5-0363  2363
chr5-0364  2364
chr5-0365  2365
chr5-0366  2366
chr5-0367  2367
chr5-0368  2368
chr5-0369  2369
chr5-0370  2370
chr5-0371  2371
chr5-0372  2372
chr5-0373  2373
chr5-0374  2374
chr5-0375  2375
chr5-0376  2376
chr5-0377  2377
chr5-0378  2378
chr5-0379  2379
chr5-0380  2380
chr5-0381  2381
chr5-0382  2382
chr5-0383  2383
chr5-0384  2384
chr5-0385  2385
chr5-0386  2386
chr5-0387  2387
chr5-0388  2388
chr5-0389  2389
chr5-0390  2390
chr5-0391  2391
chr5-0392  2392
chr5-0393  2393
chr5-0394  2394
chr5-0395  2395
chr5-0396  2396
chr5-0397  2397
chr5-0398  2398
chr5-0399  2399
chr5-0400  2400
chr5-0401  2401
chr5-0402  2402
chr5-0403  2403
chr5-0404  2404
chr5-0405  2405
chr5-0406  2406
chr5-0407  2407
chr5-0408  2408
chr5-0409  2409
chr5-0410  2410
chr5-0411  2411
chr5-0412  2412
chr5-0413  2413
chr5-0414  2414
chr5-0415  2415
chr5-0416  2416
chr5-0417  2417
chr5-0418  2418
chr5-0419  2419
chr5-0420  2420
chr5-0421  2421
chr5-0422  2422
chr5-0423  2423
chr5-0424  2424
chr5-0425  2425
chr5-0426  2426
chr5-0427  2427
chr5-0428  2428
chr5-0429  2429
chr5-0430  2430
chr5-0431  2431
chr5-0432  2432
chr5-0433  2433
chr5-0434  2434
chr5-0435  2435
chr5-0436  2436
chr5-0437  2437
chr5-0438  2438
chr5-0439  2439
chr5-0440  2440
chr5-0441  2441
chr5-0442  2442
chr5-0443  2443
chr5-0444  2444
chr5-0445  2445
chr5-0446  2446
chr5-0447  2447
chr5-0448  2448
chr5-0449  2449
chr5-0450  2450
chr5-0451  2451
chr5-0452  2452
chr5-0453  2453
chr5-0454  2454
chr5-0455  2455
chr5-0456  2456
chr5-0457  2457
chr5-0458  2458
chr5-0459  2459
chr5-0460  2460
chr5-0461  2461
chr5-0462  2462
chr5-0463  2463
chr5-0464  2464
chr5-0465  2465
chr5-0466  2466
chr5-0467  2467
chr5-0468  2468
chr5-0469  2469
chr5-0470  2470
chr5-0471  2471
chr5-0472  2472
chr5-0473  2473
chr5-0474  2474
chr5-0475  2475
chr5-0476  2476
chr5-0477  2477
chr5-0478  2478
chr5-0479  2479
chr5-0480  2480
chr5-0481  2481
chr5-0482  2482
chr5-0483  2483
chr5-0484  2484
chr5-0485  2485
chr5-0486  2486
chr5-0487  2487
chr5-0488  2488
chr5-0489  2489
chr5-0490  2490
chr5-0491  2491
chr5-0492  2492
chr5-0493  2493
chr5-0494  2494
chr5-0495  2495
chr5-0496  2496
chr5-0497  2497
chr5-0498  2498
chr5-0499  2499
chr5-0500  2500
